Spark Command: /opt/java/openjdk/bin/java -cp hive-jackson/*:/opt/spark/conf:/opt/spark/jars/slf4j-api-2.0.16.jar:/opt/spark/jars/checker-qual-3.43.0.jar:/opt/spark/jars/netty-tcnative-boringssl-static-2.0.70.Final-windows-x86_64.jar:/opt/spark/jars/jakarta.annotation-api-2.1.1.jar:/opt/spark/jars/arrow-vector-18.1.0.jar:/opt/spark/jars/jline-2.14.6.jar:/opt/spark/jars/hive-service-rpc-4.0.0.jar:/opt/spark/jars/scala-parallel-collections_2.13-1.2.0.jar:/opt/spark/jars/failureaccess-1.0.2.jar:/opt/spark/jars/netty-codec-dns-4.1.118.Final.jar:/opt/spark/jars/lz4-java-1.8.0.jar:/opt/spark/jars/jackson-datatype-jsr310-2.18.2.jar:/opt/spark/jars/kubernetes-httpclient-vertx-7.1.0.jar:/opt/spark/jars/datasketches-java-6.1.1.jar:/opt/spark/jars/ivy-2.5.3.jar:/opt/spark/jars/arrow-memory-core-18.1.0.jar:/opt/spark/jars/hive-beeline-2.3.10.jar:/opt/spark/jars/kubernetes-client-7.1.0.jar:/opt/spark/jars/spark-mllib_2.13-4.0.0.jar:/opt/spark/jars/jakarta.ws.rs-api-3.0.0.jar:/opt/spark/jars/netty-transport-classes-kqueue-4.1.118.Final.jar:/opt/spark/jars/hive-metastore-2.3.10.jar:/opt/spark/jars/curator-framework-5.7.1.jar:/opt/spark/jars/netty-transport-native-unix-common-4.1.118.Final.jar:/opt/spark/jars/kubernetes-model-rbac-7.1.0.jar:/opt/spark/jars/metrics-graphite-4.2.30.jar:/opt/spark/jars/jersey-container-servlet-3.0.16.jar:/opt/spark/jars/avro-ipc-1.12.0.jar:/opt/spark/jars/jersey-container-servlet-core-3.0.16.jar:/opt/spark/jars/jta-1.1.jar:/opt/spark/jars/transaction-api-1.1.jar:/opt/spark/jars/log4j-slf4j2-impl-2.24.3.jar:/opt/spark/jars/snakeyaml-engine-2.9.jar:/opt/spark/jars/metrics-jmx-4.2.30.jar:/opt/spark/jars/univocity-parsers-2.9.1.jar:/opt/spark/jars/error_prone_annotations-2.36.0.jar:/opt/spark/jars/httpcore-4.4.16.jar:/opt/spark/jars/commons-compress-1.27.1.jar:/opt/spark/jars/kubernetes-model-policy-7.1.0.jar:/opt/spark/jars/jackson-module-scala_2.13-2.18.2.jar:/opt/spark/jars/datasketches-memory-3.0.2.jar:/opt/spark/jars/netty-codec-4.1.118.Final.jar:/opt/spark/jars/kubernetes-model-gatewayapi-7.1.0.jar:/opt/spark/jars/jackson-dataformat-yaml-2.18.2.jar:/opt/spark/jars/oro-2.0.8.jar:/opt/spark/jars/jersey-client-3.0.16.jar:/opt/spark/jars/spire-macros_2.13-0.18.0.jar:/opt/spark/jars/super-csv-2.2.0.jar:/opt/spark/jars/pickle-1.5.jar:/opt/spark/jars/netty-codec-http2-4.1.118.Final.jar:/opt/spark/jars/hadoop-client-api-3.4.1.jar:/opt/spark/jars/log4j-api-2.24.3.jar:/opt/spark/jars/commons-dbcp-1.4.jar:/opt/spark/jars/vertx-core-4.5.12.jar:/opt/spark/jars/hk2-locator-3.0.6.jar:/opt/spark/jars/kubernetes-model-apiextensions-7.1.0.jar:/opt/spark/jars/antlr4-runtime-4.13.1.jar:/opt/spark/jars/commons-codec-1.17.2.jar:/opt/spark/jars/jakarta.servlet-api-5.0.0.jar:/opt/spark/jars/zjsonpatch-7.1.0.jar:/opt/spark/jars/algebra_2.13-2.8.0.jar:/opt/spark/jars/hive-shims-0.23-2.3.10.jar:/opt/spark/jars/zookeeper-jute-3.9.3.jar:/opt/spark/jars/spark-kubernetes_2.13-4.0.0.jar:/opt/spark/jars/joda-time-2.13.0.jar:/opt/spark/jars/jersey-server-3.0.16.jar:/opt/spark/jars/antlr-runtime-3.5.2.jar:/opt/spark/jars/jdo-api-3.0.1.jar:/opt/spark/jars/snakeyaml-2.3.jar:/opt/spark/jars/spark-hive-thriftserver_2.13-4.0.0.jar:/opt/spark/jars/json4s-core_2.13-4.0.7.jar:/opt/spark/jars/blas-3.0.3.jar:/opt/spark/jars/kubernetes-model-metrics-7.1.0.jar:/opt/spark/jars/avro-1.12.0.jar:/opt/spark/jars/kubernetes-model-extensions-7.1.0.jar:/opt/spark/jars/jackson-annotations-2.18.2.jar:/opt/spark/jars/breeze_2.13-2.1.0.jar:/opt/spark/jars/libfb303-0.9.3.jar:/opt/spark/jars/kubernetes-model-node-7.1.0.jar:/opt/spark/jars/arpack_combined_all-0.1.jar:/opt/spark/jars/log4j-1.2-api-2.24.3.jar:/opt/spark/jars/jackson-databind-2.18.2.jar:/opt/spark/jars/jakarta.activation-api-2.1.3.jar:/opt/spark/jars/orc-format-1.1.0-shaded-protobuf.jar:/opt/spark/jars/chill-java-0.10.0.jar:/opt/spark/jars/icu4j-76.1.jar:/opt/spark/jars/spire-platform_2.13-0.18.0.jar:/opt/spark/jars/commons-collections4-4.4.jar:/opt/spark/jars/json4s-jackson-core_2.13-4.0.7.jar:/opt/spark/jars/hive-serde-2.3.10.jar:/opt/spark/jars/bcprov-jdk18on-1.80.jar:/opt/spark/jars/compress-lzf-1.1.2.jar:/opt/spark/jars/vertx-web-common-4.5.12.jar:/opt/spark/jars/netty-tcnative-boringssl-static-2.0.70.Final-linux-x86_64.jar:/opt/spark/jars/spark-network-shuffle_2.13-4.0.0.jar:/opt/spark/jars/netty-all-4.1.118.Final.jar:/opt/spark/jars/stax-api-1.0.1.jar:/opt/spark/jars/kubernetes-model-batch-7.1.0.jar:/opt/spark/jars/javax.servlet-api-4.0.1.jar:/opt/spark/jars/hive-shims-2.3.10.jar:/opt/spark/jars/commons-collections-3.2.2.jar:/opt/spark/jars/spark-mllib-local_2.13-4.0.0.jar:/opt/spark/jars/flatbuffers-java-24.3.25.jar:/opt/spark/jars/log4j-core-2.24.3.jar:/opt/spark/jars/paranamer-2.8.jar:/opt/spark/jars/spark-common-utils_2.13-4.0.0.jar:/opt/spark/jars/avro-mapred-1.12.0.jar:/opt/spark/jars/netty-handler-4.1.118.Final.jar:/opt/spark/jars/datanucleus-rdbms-4.1.19.jar:/opt/spark/jars/kubernetes-model-events-7.1.0.jar:/opt/spark/jars/HikariCP-2.5.1.jar:/opt/spark/jars/spark-network-common_2.13-4.0.0.jar:/opt/spark/jars/jackson-core-2.18.2.jar:/opt/spark/jars/netty-transport-native-epoll-4.1.118.Final-linux-riscv64.jar:/opt/spark/jars/netty-common-4.1.118.Final.jar:/opt/spark/jars/scala-reflect-2.13.16.jar:/opt/spark/jars/netty-transport-native-epoll-4.1.118.Final-linux-aarch_64.jar:/opt/spark/jars/parquet-format-structures-1.15.2.jar:/opt/spark/jars/netty-transport-classes-epoll-4.1.118.Final.jar:/opt/spark/jars/minlog-1.3.0.jar:/opt/spark/jars/kubernetes-model-scheduling-7.1.0.jar:/opt/spark/jars/ST4-4.0.4.jar:/opt/spark/jars/commons-crypto-1.1.0.jar:/opt/spark/jars/janino-3.1.9.jar:/opt/spark/jars/scala-compiler-2.13.16.jar:/opt/spark/jars/orc-core-2.1.2-shaded-protobuf.jar:/opt/spark/jars/commons-lang-2.6.jar:/opt/spark/jars/hive-jdbc-2.3.10.jar:/opt/spark/jars/j2objc-annotations-3.0.0.jar:/opt/spark/jars/derby-10.16.1.1.jar:/opt/spark/jars/spark-graphx_2.13-4.0.0.jar:/opt/spark/jars/aopalliance-repackaged-3.0.6.jar:/opt/spark/jars/jjwt-impl-0.12.6.jar:/opt/spark/jars/annotations-17.0.0.jar:/opt/spark/jars/metrics-jvm-4.2.30.jar:/opt/spark/jars/netty-transport-native-kqueue-4.1.118.Final-osx-aarch_64.jar:/opt/spark/jars/JTransforms-3.1.jar:/opt/spark/jars/scala-collection-compat_2.13-2.7.0.jar:/opt/spark/jars/osgi-resource-locator-1.0.3.jar:/opt/spark/jars/gson-2.11.0.jar:/opt/spark/jars/cats-kernel_2.13-2.8.0.jar:/opt/spark/jars/datanucleus-core-4.1.17.jar:/opt/spark/jars/hk2-utils-3.0.6.jar:/opt/spark/jars/tink-1.16.0.jar:/opt/spark/jars/netty-resolver-dns-4.1.118.Final.jar:/opt/spark/jars/snappy-java-1.1.10.7.jar:/opt/spark/jars/commons-pool-1.5.4.jar:/opt/spark/jars/netty-tcnative-boringssl-static-2.0.70.Final-linux-aarch_64.jar:/opt/spark/jars/vertx-web-client-4.5.12.jar:/opt/spark/jars/scala-library-2.13.16.jar:/opt/spark/jars/commons-io-2.18.0.jar:/opt/spark/jars/listenablefuture-9999.0-empty-to-avoid-conflict-with-guava.jar:/opt/spark/jars/parquet-common-1.15.2.jar:/opt/spark/jars/netty-tcnative-boringssl-static-2.0.70.Final-osx-x86_64.jar:/opt/spark/jars/zookeeper-3.9.3.jar:/opt/spark/jars/kubernetes-model-admissionregistration-7.1.0.jar:/opt/spark/jars/spark-streaming_2.13-4.0.0.jar:/opt/spark/jars/java-diff-utils-4.15.jar:/opt/spark/jars/spark-repl_2.13-4.0.0.jar:/opt/spark/jars/istack-commons-runtime-4.1.2.jar:/opt/spark/jars/RoaringBitmap-1.3.0.jar:/opt/spark/jars/kubernetes-model-resource-7.1.0.jar:/opt/spark/jars/javolution-5.5.1.jar:/opt/spark/jars/json4s-jackson_2.13-4.0.7.jar:/opt/spark/jars/lapack-3.0.3.jar:/opt/spark/jars/jline-3.27.1-jdk8.jar:/opt/spark/jars/hive-exec-2.3.10-core.jar:/opt/spark/jars/vertx-auth-common-4.5.12.jar:/opt/spark/jars/spark-kvstore_2.13-4.0.0.jar:/opt/spark/jars/commons-cli-1.9.0.jar:/opt/spark/jars/breeze-macros_2.13-2.1.0.jar:/opt/spark/jars/spark-yarn_2.13-4.0.0.jar:/opt/spark/jars/jpam-1.1.jar:/opt/spark/jars/hive-storage-api-2.8.1.jar:/opt/spark/jars/jakarta.xml.bind-api-4.0.2.jar:/opt/spark/jars/kubernetes-model-networking-7.1.0.jar:/opt/spark/jars/kryo-shaded-4.0.3.jar:/opt/spark/jars/spire_2.13-0.18.0.jar:/opt/spark/jars/libthrift-0.16.0.jar:/opt/spark/jars/xz-1.10.jar:/opt/spark/jars/kubernetes-model-certificates-7.1.0.jar:/opt/spark/jars/javassist-3.30.2-GA.jar:/opt/spark/jars/javax.jdo-3.2.0-m3.jar:/opt/spark/jars/datanucleus-api-jdo-4.2.4.jar:/opt/spark/jars/curator-client-5.7.1.jar:/opt/spark/jars/spark-tags_2.13-4.0.0.jar:/opt/spark/jars/guava-33.4.0-jre.jar:/opt/spark/jars/netty-tcnative-boringssl-static-2.0.70.Final-osx-aarch_64.jar:/opt/spark/jars/kubernetes-model-flowcontrol-7.1.0.jar:/opt/spark/jars/parquet-hadoop-1.15.2.jar:/opt/spark/jars/spire-util_2.13-0.18.0.jar:/opt/spark/jars/jjwt-jackson-0.12.6.jar:/opt/spark/jars/json4s-ast_2.13-4.0.7.jar:/opt/spark/jars/jaxb-runtime-4.0.5.jar:/opt/spark/jars/netty-transport-native-kqueue-4.1.118.Final-osx-x86_64.jar:/opt/spark/jars/scala-parser-combinators_2.13-2.4.0.jar:/opt/spark/jars/jersey-hk2-3.0.16.jar:/opt/spark/jars/arrow-memory-netty-buffer-patch-18.1.0.jar:/opt/spark/jars/commons-text-1.13.0.jar:/opt/spark/jars/kubernetes-model-storageclass-7.1.0.jar:/opt/spark/jars/parquet-encoding-1.15.2.jar:/opt/spark/jars/audience-annotations-0.12.0.jar:/opt/spark/jars/derbytools-10.16.1.1.jar:/opt/spark/jars/leveldbjni-all-1.8.jar:/opt/spark/jars/dropwizard-metrics-hadoop-metrics2-reporter-0.1.2.jar:/opt/spark/jars/kubernetes-model-autoscaling-7.1.0.jar:/opt/spark/jars/orc-mapreduce-2.1.2-shaded-protobuf.jar:/opt/spark/jars/scala-xml_2.13-2.3.0.jar:/opt/spark/jars/netty-transport-4.1.118.Final.jar:/opt/spark/jars/stream-2.9.8.jar:/opt/spark/jars/curator-recipes-5.7.1.jar:/opt/spark/jars/kubernetes-model-discovery-7.1.0.jar:/opt/spark/jars/commons-lang3-3.17.0.jar:/opt/spark/jars/kubernetes-model-apps-7.1.0.jar:/opt/spark/jars/hive-shims-common-2.3.10.jar:/opt/spark/jars/aircompressor-2.0.2.jar:/opt/spark/jars/hk2-api-3.0.6.jar:/opt/spark/jars/py4j-0.10.9.9.jar:/opt/spark/jars/metrics-core-4.2.30.jar:/opt/spark/jars/jsr305-3.0.0.jar:/opt/spark/jars/netty-handler-proxy-4.1.118.Final.jar:/opt/spark/jars/objenesis-3.3.jar:/opt/spark/jars/jul-to-slf4j-2.0.16.jar:/opt/spark/jars/netty-codec-http-4.1.118.Final.jar:/opt/spark/jars/hive-common-2.3.10.jar:/opt/spark/jars/jersey-common-3.0.16.jar:/opt/spark/jars/threeten-extra-1.8.0.jar:/opt/spark/jars/netty-tcnative-classes-2.0.70.Final.jar:/opt/spark/jars/xbean-asm9-shaded-4.26.jar:/opt/spark/jars/xmlschema-core-2.3.1.jar:/opt/spark/jars/zstd-jni-1.5.6-9.jar:/opt/spark/jars/chill_2.13-0.10.0.jar:/opt/spark/jars/jodd-core-3.5.2.jar:/opt/spark/jars/jjwt-api-0.12.6.jar:/opt/spark/jars/arpack-3.0.3.jar:/opt/spark/jars/hive-shims-scheduler-2.3.10.jar:/opt/spark/jars/spark-variant_2.13-4.0.0.jar:/opt/spark/jars/parquet-column-1.15.2.jar:/opt/spark/jars/spark-core_2.13-4.0.0.jar:/opt/spark/jars/jaxb-core-4.0.5.jar:/opt/spark/jars/metrics-json-4.2.30.jar:/opt/spark/jars/spark-catalyst_2.13-4.0.0.jar:/opt/spark/jars/json-1.8.jar:/opt/spark/jars/arrow-format-18.1.0.jar:/opt/spark/jars/jcl-over-slf4j-2.0.16.jar:/opt/spark/jars/connect-repl/*:/opt/spark/jars/netty-codec-socks-4.1.118.Final.jar:/opt/spark/jars/httpclient-4.5.14.jar:/opt/spark/jars/orc-shims-2.1.2.jar:/opt/spark/jars/jakarta.validation-api-3.0.2.jar:/opt/spark/jars/opencsv-2.3.jar:/opt/spark/jars/kubernetes-model-common-7.1.0.jar:/opt/spark/jars/netty-resolver-4.1.118.Final.jar:/opt/spark/jars/spark-launcher_2.13-4.0.0.jar:/opt/spark/jars/netty-transport-native-epoll-4.1.118.Final-linux-x86_64.jar:/opt/spark/jars/spark-unsafe_2.13-4.0.0.jar:/opt/spark/jars/log4j-layout-template-json-2.24.3.jar:/opt/spark/jars/arrow-memory-netty-18.1.0.jar:/opt/spark/jars/commons-math3-3.6.1.jar:/opt/spark/jars/hadoop-client-runtime-3.4.1.jar:/opt/spark/jars/derbyshared-10.16.1.1.jar:/opt/spark/jars/spark-hive_2.13-4.0.0.jar:/opt/spark/jars/netty-buffer-4.1.118.Final.jar:/opt/spark/jars/parquet-jackson-1.15.2.jar:/opt/spark/jars/commons-compiler-3.1.9.jar:/opt/spark/jars/kubernetes-model-core-7.1.0.jar:/opt/spark/jars/JLargeArrays-1.5.jar:/opt/spark/jars/hive-cli-2.3.10.jar:/opt/spark/jars/json4s-scalap_2.13-4.0.7.jar:/opt/spark/jars/kubernetes-client-api-7.1.0.jar:/opt/spark/jars/rocksdbjni-9.8.4.jar:/opt/spark/jars/spark-sketch_2.13-4.0.0.jar:/opt/spark/jars/jakarta.inject-api-2.0.1.jar:/opt/spark/jars/kubernetes-model-coordination-7.1.0.jar -Xmx1g -Divy.cache.dir=/tmp -Divy.home=/tmp -Dio.netty.tryReflectionSetAccessible=true -XX:+IgnoreUnrecognizedVMOptions --add-modules=jdk.incubator.vector --add-opens=java.base/java.lang=ALL-UNNAMED --add-opens=java.base/java.lang.invoke=ALL-UNNAMED --add-opens=java.base/java.lang.reflect=ALL-UNNAMED --add-opens=java.base/java.io=ALL-UNNAMED --add-opens=java.base/java.net=ALL-UNNAMED --add-opens=java.base/java.nio=ALL-UNNAMED --add-opens=java.base/java.util=ALL-UNNAMED --add-opens=java.base/java.util.concurrent=ALL-UNNAMED --add-opens=java.base/java.util.concurrent.atomic=ALL-UNNAMED --add-opens=java.base/jdk.internal.ref=ALL-UNNAMED --add-opens=java.base/sun.nio.ch=ALL-UNNAMED --add-opens=java.base/sun.nio.cs=ALL-UNNAMED --add-opens=java.base/sun.security.action=ALL-UNNAMED --add-opens=java.base/sun.util.calendar=ALL-UNNAMED --add-opens=java.security.jgss/sun.security.krb5=ALL-UNNAMED -Djdk.reflect.useDirectMethodHandle=false -Dio.netty.tryReflectionSetAccessible=true -Dderby.connection.requireAuthentication=false org.apache.spark.deploy.SparkSubmit --conf spark.connect.extensions.command.classes=org.apache.spark.sql.connect.delta.DeltaCommandPlugin --conf spark.sql.extensions=io.delta.sql.DeltaSparkSessionExtension --conf spark.sql.catalog.spark_catalog=org.apache.spark.sql.delta.catalog.DeltaCatalog --conf spark.driver.extraJavaOptions=-Divy.cache.dir=/tmp -Divy.home=/tmp -Dio.netty.tryReflectionSetAccessible=true --conf spark.connect.extensions.relation.classes=org.apache.spark.sql.connect.delta.DeltaRelationPlugin --class org.apache.spark.sql.connect.service.SparkConnectServer --name Spark Connect server --packages io.delta:delta-connect-server_2.13:4.0.0,com.google.protobuf:protobuf-java:3.25.1 spark-internal
========================================
WARNING: Using incubator modules: jdk.incubator.vector
:: loading settings :: url = jar:file:/opt/spark/jars/ivy-2.5.3.jar!/org/apache/ivy/core/settings/ivysettings.xml
Ivy Default Cache set to: /tmp/cache
The jars for the packages stored in: /tmp/jars
io.delta#delta-connect-server_2.13 added as a dependency
com.google.protobuf#protobuf-java added as a dependency
:: resolving dependencies :: org.apache.spark#spark-submit-parent-56899247-a42d-4ec4-8bdb-9f66d3868540;1.0
	confs: [default]
	found io.delta#delta-connect-server_2.13;4.0.0 in central
	found io.delta#delta-connect-common_2.13;4.0.0 in central
	found io.grpc#grpc-protobuf;1.62.2 in central
	found io.grpc#grpc-api;1.62.2 in central
	found com.google.code.findbugs#jsr305;3.0.2 in central
	found com.google.errorprone#error_prone_annotations;2.23.0 in central
	found com.google.protobuf#protobuf-java;3.25.1 in central
	found com.google.api.grpc#proto-google-common-protos;2.29.0 in central
	found io.grpc#grpc-stub;1.62.2 in central
	found com.google.guava#guava;32.1.3-android in central
	found com.google.guava#failureaccess;1.0.1 in central
	found com.google.guava#listenablefuture;9999.0-empty-to-avoid-conflict-with-guava in central
	found org.checkerframework#checker-qual;3.37.0 in central
	found com.google.j2objc#j2objc-annotations;2.8 in central
	found javax.annotation#javax.annotation-api;1.3.2 in central
	found io.grpc#grpc-protobuf-lite;1.62.2 in central
	found io.delta#delta-spark_2.13;4.0.0 in central
	found io.delta#delta-storage;4.0.0 in central
	found org.antlr#antlr4-runtime;4.13.1 in central
downloading https://repo1.maven.org/maven2/io/delta/delta-connect-server_2.13/4.0.0/delta-connect-server_2.13-4.0.0.jar ...
	[SUCCESSFUL ] io.delta#delta-connect-server_2.13;4.0.0!delta-connect-server_2.13.jar (42ms)
downloading https://repo1.maven.org/maven2/com/google/protobuf/protobuf-java/3.25.1/protobuf-java-3.25.1.jar ...
	[SUCCESSFUL ] com.google.protobuf#protobuf-java;3.25.1!protobuf-java.jar (160ms)
downloading https://repo1.maven.org/maven2/io/delta/delta-connect-common_2.13/4.0.0/delta-connect-common_2.13-4.0.0.jar ...
	[SUCCESSFUL ] io.delta#delta-connect-common_2.13;4.0.0!delta-connect-common_2.13.jar (213ms)
downloading https://repo1.maven.org/maven2/io/delta/delta-spark_2.13/4.0.0/delta-spark_2.13-4.0.0.jar ...
	[SUCCESSFUL ] io.delta#delta-spark_2.13;4.0.0!delta-spark_2.13.jar (380ms)
downloading https://repo1.maven.org/maven2/io/grpc/grpc-protobuf/1.62.2/grpc-protobuf-1.62.2.jar ...
	[SUCCESSFUL ] io.grpc#grpc-protobuf;1.62.2!grpc-protobuf.jar (61ms)
downloading https://repo1.maven.org/maven2/io/grpc/grpc-stub/1.62.2/grpc-stub-1.62.2.jar ...
	[SUCCESSFUL ] io.grpc#grpc-stub;1.62.2!grpc-stub.jar (34ms)
downloading https://repo1.maven.org/maven2/javax/annotation/javax.annotation-api/1.3.2/javax.annotation-api-1.3.2.jar ...
	[SUCCESSFUL ] javax.annotation#javax.annotation-api;1.3.2!javax.annotation-api.jar (38ms)
downloading https://repo1.maven.org/maven2/io/grpc/grpc-api/1.62.2/grpc-api-1.62.2.jar ...
	[SUCCESSFUL ] io.grpc#grpc-api;1.62.2!grpc-api.jar (51ms)
downloading https://repo1.maven.org/maven2/com/google/code/findbugs/jsr305/3.0.2/jsr305-3.0.2.jar ...
	[SUCCESSFUL ] com.google.code.findbugs#jsr305;3.0.2!jsr305.jar (63ms)
downloading https://repo1.maven.org/maven2/com/google/api/grpc/proto-google-common-protos/2.29.0/proto-google-common-protos-2.29.0.jar ...
	[SUCCESSFUL ] com.google.api.grpc#proto-google-common-protos;2.29.0!proto-google-common-protos.jar (98ms)
downloading https://repo1.maven.org/maven2/com/google/errorprone/error_prone_annotations/2.23.0/error_prone_annotations-2.23.0.jar ...
	[SUCCESSFUL ] com.google.errorprone#error_prone_annotations;2.23.0!error_prone_annotations.jar (55ms)
downloading https://repo1.maven.org/maven2/com/google/guava/guava/32.1.3-android/guava-32.1.3-android.jar ...
	[SUCCESSFUL ] com.google.guava#guava;32.1.3-android!guava.jar(bundle) (142ms)
downloading https://repo1.maven.org/maven2/com/google/guava/failureaccess/1.0.1/failureaccess-1.0.1.jar ...
	[SUCCESSFUL ] com.google.guava#failureaccess;1.0.1!failureaccess.jar(bundle) (55ms)
downloading https://repo1.maven.org/maven2/com/google/guava/listenablefuture/9999.0-empty-to-avoid-conflict-with-guava/listenablefuture-9999.0-empty-to-avoid-conflict-with-guava.jar ...
	[SUCCESSFUL ] com.google.guava#listenablefuture;9999.0-empty-to-avoid-conflict-with-guava!listenablefuture.jar (40ms)
downloading https://repo1.maven.org/maven2/org/checkerframework/checker-qual/3.37.0/checker-qual-3.37.0.jar ...
	[SUCCESSFUL ] org.checkerframework#checker-qual;3.37.0!checker-qual.jar (60ms)
downloading https://repo1.maven.org/maven2/com/google/j2objc/j2objc-annotations/2.8/j2objc-annotations-2.8.jar ...
	[SUCCESSFUL ] com.google.j2objc#j2objc-annotations;2.8!j2objc-annotations.jar (44ms)
downloading https://repo1.maven.org/maven2/io/grpc/grpc-protobuf-lite/1.62.2/grpc-protobuf-lite-1.62.2.jar ...
	[SUCCESSFUL ] io.grpc#grpc-protobuf-lite;1.62.2!grpc-protobuf-lite.jar (43ms)
downloading https://repo1.maven.org/maven2/io/delta/delta-storage/4.0.0/delta-storage-4.0.0.jar ...
	[SUCCESSFUL ] io.delta#delta-storage;4.0.0!delta-storage.jar (47ms)
downloading https://repo1.maven.org/maven2/org/antlr/antlr4-runtime/4.13.1/antlr4-runtime-4.13.1.jar ...
	[SUCCESSFUL ] org.antlr#antlr4-runtime;4.13.1!antlr4-runtime.jar (81ms)
:: resolution report :: resolve 2930ms :: artifacts dl 1720ms
	:: modules in use:
	com.google.api.grpc#proto-google-common-protos;2.29.0 from central in [default]
	com.google.code.findbugs#jsr305;3.0.2 from central in [default]
	com.google.errorprone#error_prone_annotations;2.23.0 from central in [default]
	com.google.guava#failureaccess;1.0.1 from central in [default]
	com.google.guava#guava;32.1.3-android from central in [default]
	com.google.guava#listenablefuture;9999.0-empty-to-avoid-conflict-with-guava from central in [default]
	com.google.j2objc#j2objc-annotations;2.8 from central in [default]
	com.google.protobuf#protobuf-java;3.25.1 from central in [default]
	io.delta#delta-connect-common_2.13;4.0.0 from central in [default]
	io.delta#delta-connect-server_2.13;4.0.0 from central in [default]
	io.delta#delta-spark_2.13;4.0.0 from central in [default]
	io.delta#delta-storage;4.0.0 from central in [default]
	io.grpc#grpc-api;1.62.2 from central in [default]
	io.grpc#grpc-protobuf;1.62.2 from central in [default]
	io.grpc#grpc-protobuf-lite;1.62.2 from central in [default]
	io.grpc#grpc-stub;1.62.2 from central in [default]
	javax.annotation#javax.annotation-api;1.3.2 from central in [default]
	org.antlr#antlr4-runtime;4.13.1 from central in [default]
	org.checkerframework#checker-qual;3.37.0 from central in [default]
	:: evicted modules:
	com.google.protobuf#protobuf-java;3.24.4 by [com.google.protobuf#protobuf-java;3.25.1] in [default]
	com.google.errorprone#error_prone_annotations;2.21.1 by [com.google.errorprone#error_prone_annotations;2.23.0] in [default]
	---------------------------------------------------------------------
	|                  |            modules            ||   artifacts   |
	|       conf       | number| search|dwnlded|evicted|| number|dwnlded|
	---------------------------------------------------------------------
	|      default     |   21  |   19  |   19  |   2   ||   19  |   19  |
	---------------------------------------------------------------------
:: retrieving :: org.apache.spark#spark-submit-parent-56899247-a42d-4ec4-8bdb-9f66d3868540
	confs: [default]
	19 artifacts copied, 0 already retrieved (19361kB/16ms)
25/09/05 00:11:48 WARN NativeCodeLoader: Unable to load native-hadoop library for your platform... using builtin-java classes where applicable
Error: Failed to load class org.apache.spark.sql.connect.service.SparkConnectServer.
Failed to load main class org.apache.spark.sql.connect.service.SparkConnectServer.
You need to specify Spark Connect jars with --jars or --packages.
25/09/05 00:11:48 INFO ShutdownHookManager: Shutdown hook called
25/09/05 00:11:48 INFO ShutdownHookManager: Deleting directory /tmp/spark-4c3f1fc8-ff0a-4a28-b2c2-c944c1808431
